<?xml version="1.0" encoding="UTF-8"?>
<!-- Generated by org.testng.reporters.JUnitReportReporter -->
<testsuite skipped="0" hostname="DBN-PC" name="com.ebay.test.TestPage" tests="1" failures="0" timestamp="22 May 2019 19:46:27 GMT" time="83.880" errors="0">
  <testcase name="ebayAssignmentTest" time="83.880" classname="com.ebay.test.TestPage"/>
</testsuite> <!-- com.ebay.test.TestPage -->
