<?xml version="1.0" encoding="UTF-8"?>
<!-- Generated by org.testng.reporters.JUnitReportReporter -->
<testsuite skipped="0" hostname="DBN-PC" name="com.selendroid.test.CallThePages" tests="1" failures="0" timestamp="03 Mar 2019 10:59:21 GMT" time="62.615" errors="0">
  <testcase name="EnterTextHomeScreen" time="62.615" classname="com.selendroid.test.CallThePages"/>
</testsuite> <!-- com.selendroid.test.CallThePages -->
